2024-02-26T20:18:49.385393 [GNB     ] [I] Built in Debug mode using commit 94f0cba7c on branch limextrx-impl
2024-02-26T20:18:49.385409 [GNB     ] [D] Required CPU features: sse4.1(ok) avx(ok) avx2(ok) fma(ok) pclmul(ok)
2024-02-26T20:18:49.386341 [GNB     ] [W] CPU0 scaling governor is not set to performance, which may hinder performance. You can set it to performance using the "srsran_performance" script
2024-02-26T20:18:49.386362 [GNB     ] [W] CPU1 scaling governor is not set to performance, which may hinder performance. You can set it to performance using the "srsran_performance" script
2024-02-26T20:18:49.386369 [GNB     ] [W] CPU2 scaling governor is not set to performance, which may hinder performance. You can set it to performance using the "srsran_performance" script
2024-02-26T20:18:49.386376 [GNB     ] [W] CPU3 scaling governor is not set to performance, which may hinder performance. You can set it to performance using the "srsran_performance" script
2024-02-26T20:18:49.386383 [GNB     ] [W] CPU4 scaling governor is not set to performance, which may hinder performance. You can set it to performance using the "srsran_performance" script
2024-02-26T20:18:49.386391 [GNB     ] [W] CPU5 scaling governor is not set to performance, which may hinder performance. You can set it to performance using the "srsran_performance" script
2024-02-26T20:18:49.386397 [GNB     ] [W] CPU6 scaling governor is not set to performance, which may hinder performance. You can set it to performance using the "srsran_performance" script
2024-02-26T20:18:49.386404 [GNB     ] [W] CPU7 scaling governor is not set to performance, which may hinder performance. You can set it to performance using the "srsran_performance" script
2024-02-26T20:18:49.386412 [GNB     ] [W] CPU8 scaling governor is not set to performance, which may hinder performance. You can set it to performance using the "srsran_performance" script
2024-02-26T20:18:49.386418 [GNB     ] [W] CPU9 scaling governor is not set to performance, which may hinder performance. You can set it to performance using the "srsran_performance" script
2024-02-26T20:18:49.386427 [GNB     ] [W] CPU10 scaling governor is not set to performance, which may hinder performance. You can set it to performance using the "srsran_performance" script
2024-02-26T20:18:49.386434 [GNB     ] [W] CPU11 scaling governor is not set to performance, which may hinder performance. You can set it to performance using the "srsran_performance" script
2024-02-26T20:18:49.386441 [GNB     ] [W] CPU12 scaling governor is not set to performance, which may hinder performance. You can set it to performance using the "srsran_performance" script
2024-02-26T20:18:49.386448 [GNB     ] [W] CPU13 scaling governor is not set to performance, which may hinder performance. You can set it to performance using the "srsran_performance" script
2024-02-26T20:18:49.386455 [GNB     ] [W] CPU14 scaling governor is not set to performance, which may hinder performance. You can set it to performance using the "srsran_performance" script
2024-02-26T20:18:49.386463 [GNB     ] [W] CPU15 scaling governor is not set to performance, which may hinder performance. You can set it to performance using the "srsran_performance" script
2024-02-26T20:18:49.386472 [GNB     ] [W] DRM KMS polling is enabled, which may hinder performance. You can disable it using the "srsran_performance" script
2024-02-26T20:18:49.400022 [ALL     ] [I] Task worker "phy_prach#0" started...
2024-02-26T20:18:49.402084 [ALL     ] [I] Task worker "radio" started...
2024-02-26T20:18:49.402177 [ALL     ] [I] Task worker "ru_stats_worker" started...
2024-02-26T20:18:49.402367 [ALL     ] [I] Task worker "lower_phy_tx#0" started...
2024-02-26T20:18:49.402499 [ALL     ] [I] Task worker "lower_phy_rx#0" started...
2024-02-26T20:18:49.402723 [ALL     ] [I] Task worker "lower_phy_dl#0" started...
2024-02-26T20:18:49.403004 [ALL     ] [I] Task worker "lower_phy_ul#0" started...
2024-02-26T20:18:49.415263 [GNB     ] [D] Establishing TNL connection to AMF (10.42.0.12:38412)...
2024-02-26T20:18:49.415298 [SCTP-GW ] [D] Setting RTO_INFO options on SCTP socket. Association 0, Initial RTO 120, Minimum RTO 120, Maximum RTO 500
2024-02-26T20:18:49.415300 [SCTP-GW ] [D] Setting SCTP_INITMSG options on SCTP socket. Max attempts 3, Max init attempts timeout 500
2024-02-26T20:18:49.415305 [SCTP-GW ] [D] Binding to 192.168.0.123 port 0
2024-02-26T20:18:49.415309 [SCTP-GW ] [D] Binding successful
2024-02-26T20:18:49.415322 [SCTP-GW ] [D] Setting RTO_INFO options on SCTP socket. Association 0, Initial RTO 120, Minimum RTO 120, Maximum RTO 500
2024-02-26T20:18:49.415323 [SCTP-GW ] [D] Setting SCTP_INITMSG options on SCTP socket. Max attempts 3, Max init attempts timeout 500
2024-02-26T20:18:49.415325 [SCTP-GW ] [D] Connecting to 10.42.0.12 port 38412
2024-02-26T20:18:49.416081 [SCTP-GW ] [D] Connection successful
2024-02-26T20:18:49.416084 [GNB     ] [I] TNL connection to AMF (10.42.0.12:38412) established
2024-02-26T20:18:49.416093 [GNB     ] [I] Starting CU-CP...
2024-02-26T20:18:49.416114 [SCTP-GW ] [D] Received 20 bytes on SCTP socket
2024-02-26T20:18:49.416144 [SCTP-GW ] [D] SCTP_ASSOC_CHANGE notif: state: COMM UP, error code: 0, out streams: 10, in streams: 30, assoc id: 12
2024-02-26T20:18:49.417899 [NGAP    ] [I] Sending NgSetupRequest
2024-02-26T20:18:49.424436 [NGAP    ] [D] "NG Setup Procedure" started...
2024-02-26T20:18:49.428590 [NGAP    ] [D] Tx NGAP PDU: {
  "initiatingMessage": {
    "procedureCode": 21,
    "criticality": "reject",
    "value": {
      "NGSetupRequest": {
        "protocolIEs": {
          "id": 27,
          "criticality": "reject",
          {
            "globalGNB-ID": {
              "pLMNIdentity": "000110",
              "gNB-ID": {
                "gNB-ID": "0000000000001000010011"
              }
            }
          },
          "id": 82,
          "criticality": "ignore",
          "Value": "srsgnb01",
          "id": 102,
          "criticality": "reject",
          "Value": [
            {
              "tAC": "000001",
              "broadcastPLMNList": [
                {
                  "pLMNIdentity": "000110",
                  "tAISliceSupportList": [
                    {
                      "s-NSSAI": {
                        "sST": "01",
                        "sD": "000000"
                      }
                    },
                    {
                      "s-NSSAI": {
                        "sST": "01",
                        "sD": "000001"
                      }
                    }
                  ]
                }
              ]
            }
          ],
          "id": 21,
          "criticality": "ignore",
          "Value": "v256"
        }
      }
    }
  }
}
2024-02-26T20:18:49.429068 [SCTP-GW ] [D] Sending PDU of 63 bytes
2024-02-26T20:18:49.429626 [SCTP-GW ] [D] Received 56 bytes on SCTP socket
2024-02-26T20:18:49.429628 [SCTP-GW ] [D] Received data of 56 bytes
2024-02-26T20:18:49.431394 [NGAP    ] [D] Received PDU of type "successfulOutcome.NGSetupResponse"
2024-02-26T20:18:49.431429 [NGAP    ] [D] Rx NGAP PDU: {
  "successfulOutcome": {
    "procedureCode": 21,
    "criticality": "reject",
    "value": {
      "NGSetupResponse": {
        "protocolIEs": {
          "id": 1,
          "criticality": "reject",
          "Value": "open5gs-amf",
          "id": 96,
          "criticality": "reject",
          "Value": [
            {
              "gUAMI": {
                "pLMNIdentity": "000110",
                "aMFRegionID": "00000010",
                "aMFSetID": "0000000001",
                "aMFPointer": "000000"
              }
            }
          ],
          "id": 86,
          "criticality": "ignore",
          "Value": 255,
          "id": 80,
          "criticality": "reject",
          "Value": [
            {
              "pLMNIdentity": "000110",
              "sliceSupportList": [
                {
                  "s-NSSAI": {
                    "sST": "01",
                    "sD": "000000"
                  }
                }
              ]
            }
          ]
        }
      }
    }
  }
}
2024-02-26T20:18:49.431504 [NGAP    ] [I] "NG Setup Procedure" finished successfully
2024-02-26T20:18:49.431591 [GNB     ] [I] CU-CP started successfully
2024-02-26T20:18:49.431626 [UDP-GW  ] [I] UDP GW configured. rx_max_mmsg=256
2024-02-26T20:18:49.433265 [GTPU    ] [I] GTP-U demux. warn_on_drop=false
2024-02-26T20:18:49.433306 [GTPU    ] [I] Tunnel added. teid=0x000000
2024-02-26T20:18:49.433331 [UDP-GW  ] [D] Binding to 192.168.0.123 port 2152
2024-02-26T20:18:49.433336 [UDP-GW  ] [D] Binding successful
2024-02-26T20:18:49.434988 [CU-UP   ] [I] CU-UP starting...
2024-02-26T20:18:49.435093 [CU-UP   ] [D] cu-up=0: "Initial CU-UP setup routine" initialized.
2024-02-26T20:18:49.435135 [CU-CP   ] [I] Added CU-UP 0
2024-02-26T20:18:49.435188 [CU-UP-E1] [D] "E1AP CU-UP Setup Procedure" initialized
2024-02-26T20:18:49.437075 [CU-UP-E1] [I] Sending E1SetupRequest
2024-02-26T20:18:49.437079 [CU-CP-E1] [D] Handling PDU of type initiatingMessage
2024-02-26T20:18:49.437086 [CU-CP-E1] [D] SDU "initiatingMessage.GNB-CU-UP-E1SetupRequest" transaction id=0
2024-02-26T20:18:49.438987 [CU-CP-E1] [D] Rx E1AP PDU: {
  "initiatingMessage": {
    "procedureCode": 3,
    "criticality": "reject",
    "value": {
      "GNB-CU-UP-E1SetupRequest": {
        "protocolIEs": {
          "id": 57,
          "criticality": "reject",
          "Value": 0,
          "id": 7,
          "criticality": "reject",
          "Value": 0,
          "id": 8,
          "criticality": "ignore",
          "Value": "srs_cu_up_01",
          "id": 10,
          "criticality": "reject",
          "Value": "c-5gc",
          "id": 11,
          "criticality": "reject",
          "Value": [
            {
              "pLMN-Identity": "00f110"
            }
          ]
        }
      }
    }
  }
}
2024-02-26T20:18:49.439002 [CU-CP-E1] [D] Sending CuUpE1SetupResponse
2024-02-26T20:18:49.439014 [CU-UP-E1] [D] Handling PDU of type successfulOutcome
2024-02-26T20:18:49.439017 [CU-UP-E1] [D] SDU "successfulOutcome.GNB-CU-UP-E1SetupResponse" transaction id=0
2024-02-26T20:18:49.439038 [CU-UP-E1] [D] Rx E1AP SDU: {
  "successfulOutcome": {
    "procedureCode": 3,
    "criticality": "reject",
    "value": {
      "GNB-CU-UP-E1SetupResponse": {
        "protocolIEs": {
          "id": 57,
          "criticality": "reject",
          "Value": 0
        }
      }
    }
  }
}
2024-02-26T20:18:49.439050 [CU-UP-E1] [I] "E1AP CU-UP Setup Procedure" finalized
2024-02-26T20:18:49.439058 [CU-UP   ] [D] cu-up=0: "Initial CU-UP setup routine" finalized.
2024-02-26T20:18:49.439069 [CU-UP   ] [I] CU-UP started successfully
2024-02-26T20:18:49.445836 [GNB     ] [I] SSB derived parameters for cell: 1, band: 78, dl_arfcn:634000, crbs: 51 scs:30kHz, ssb_scs:30kHz:
	 - SSB offset pointA:4 
	 - k_SSB:20 
	 - SSB arfcn:633696 
	 - Coreset index:2 
	 - Searchspace index:0
2024-02-26T20:18:49.461888 [RF      ] [D] Available LMS7002M devices:
2024-02-26T20:18:49.461898 [RF      ] [D] 	"LimeSDR XTRX, media=PCIe, addr=/dev/LimeXTRX0"
2024-02-26T20:18:49.461900 [RF      ] [D] Selected: LimeSDR XTRX, media=PCIe, addr=/dev/LimeXTRX0
2024-02-26T20:18:49.478011 [RF      ] [D] Setting PPS source to 'internal' and clock source to 'internal'.
2024-02-26T20:18:49.478035 [RF      ] [D] Setting Tx Rate to 30.72 MSPS.
2024-02-26T20:18:49.478040 [RF      ] [D] Setting Rx Rate to 30.72 MSPS.
2024-02-26T20:18:49.478048 [RF      ] [D] Setting channel 0 Tx gain to 74.00 dB.
2024-02-26T20:18:49.478053 [RF      ] [D] Setting channel 0 Tx frequency to 3510.0 MHz.
2024-02-26T20:18:49.478059 [RF      ] [D] Setting channel 0 Rx gain to 60.00 dB.
2024-02-26T20:18:49.478061 [RF      ] [D] Setting channel 0 Rx frequency to 3510.0 MHz.
2024-02-26T20:18:49.478072 [RF      ] [D] Creating tx stream.
2024-02-26T20:18:49.478090 [RF      ] [D] TX path: BAND1 (1)
2024-02-26T20:18:49.478093 [RF      ] [D] Set txpath to BAND1
2024-02-26T20:18:49.478095 [RF      ] [D] Set txMaxPacketsInBatch to 1
2024-02-26T20:18:49.478097 [RF      ] [D] Set txSamplesInPacket to 1024
2024-02-26T20:18:49.478099 [RF      ] [D] Set txoversample to 4
2024-02-26T20:18:49.478942 [RF      ] [D] Creating receive stream 0.
2024-02-26T20:18:49.478944 [RF      ] [E] Device supports only 0 ports, required 1
2024-02-26T20:18:49.478948 [RF      ] [D] Configuring radio...
2024-02-26T20:18:53.714800 [IO-EPOLL] [E] epoll_wait failed: Interrupted system call
2024-02-26T20:18:54.873303 [IO-EPOLL] [E] epoll_wait failed: Interrupted system call
2024-02-26T20:18:56.230738 [IO-EPOLL] [E] epoll_wait failed: Interrupted system call
2024-02-26T20:19:05.579740 [IO-EPOLL] [E] epoll_wait failed: Interrupted system call
2024-02-26T20:19:08.452918 [IO-EPOLL] [E] epoll_wait failed: Interrupted system call
2024-02-26T20:19:09.709829 [IO-EPOLL] [E] epoll_wait failed: Interrupted system call
2024-02-26T20:19:10.519945 [IO-EPOLL] [E] epoll_wait failed: Interrupted system call
2024-02-26T20:19:11.073614 [IO-EPOLL] [E] epoll_wait failed: Interrupted system call
2024-02-26T20:19:11.790148 [IO-EPOLL] [E] epoll_wait failed: Interrupted system call
2024-02-26T20:19:12.619761 [IO-EPOLL] [E] epoll_wait failed: Interrupted system call
2024-02-26T20:19:13.125457 [IO-EPOLL] [E] epoll_wait failed: Interrupted system call
2024-02-26T20:19:13.653490 [IO-EPOLL] [E] epoll_wait failed: Interrupted system call
2024-02-26T20:19:14.059077 [IO-EPOLL] [E] epoll_wait failed: Interrupted system call
2024-02-26T20:19:14.715772 [IO-EPOLL] [E] epoll_wait failed: Interrupted system call
2024-02-26T20:19:15.179692 [IO-EPOLL] [E] epoll_wait failed: Interrupted system call
2024-02-26T20:19:15.690631 [IO-EPOLL] [E] epoll_wait failed: Interrupted system call
2024-02-26T20:19:16.226752 [IO-EPOLL] [E] epoll_wait failed: Interrupted system call
2024-02-26T20:19:18.020329 [IO-EPOLL] [E] epoll_wait failed: Interrupted system call
2024-02-26T20:19:18.627031 [IO-EPOLL] [E] epoll_wait failed: Interrupted system call
2024-02-26T20:19:19.696800 [IO-EPOLL] [E] epoll_wait failed: Interrupted system call
2024-02-26T20:19:20.367804 [IO-EPOLL] [E] epoll_wait failed: Interrupted system call
2024-02-26T20:19:20.858527 [IO-EPOLL] [E] epoll_wait failed: Interrupted system call
2024-02-26T20:19:21.391448 [IO-EPOLL] [E] epoll_wait failed: Interrupted system call
2024-02-26T20:19:21.932545 [IO-EPOLL] [E] epoll_wait failed: Interrupted system call
2024-02-26T20:19:22.556781 [IO-EPOLL] [E] epoll_wait failed: Interrupted system call
2024-02-26T20:19:22.996409 [IO-EPOLL] [E] epoll_wait failed: Interrupted system call
2024-02-26T20:19:23.335345 [IO-EPOLL] [E] epoll_wait failed: Interrupted system call
2024-02-26T20:19:24.023101 [IO-EPOLL] [E] epoll_wait failed: Interrupted system call
2024-02-26T20:19:24.390352 [IO-EPOLL] [E] epoll_wait failed: Interrupted system call
2024-02-26T20:19:24.836743 [IO-EPOLL] [E] epoll_wait failed: Interrupted system call
2024-02-26T20:19:25.239558 [IO-EPOLL] [E] epoll_wait failed: Interrupted system call
2024-02-26T20:19:27.822526 [IO-EPOLL] [E] epoll_wait failed: Interrupted system call
2024-02-26T20:19:29.891011 [IO-EPOLL] [E] epoll_wait failed: Interrupted system call
2024-02-26T20:19:30.866374 [IO-EPOLL] [E] epoll_wait failed: Interrupted system call
2024-02-26T20:19:31.534977 [IO-EPOLL] [E] epoll_wait failed: Interrupted system call
2024-02-26T20:19:32.146116 [IO-EPOLL] [E] epoll_wait failed: Interrupted system call
2024-02-26T20:19:32.767018 [IO-EPOLL] [E] epoll_wait failed: Interrupted system call
2024-02-26T20:19:34.483227 [IO-EPOLL] [E] epoll_wait failed: Interrupted system call
2024-02-26T20:19:35.355668 [IO-EPOLL] [E] epoll_wait failed: Interrupted system call
2024-02-26T20:19:36.593985 [IO-EPOLL] [E] epoll_wait failed: Interrupted system call
2024-02-26T20:19:37.553039 [IO-EPOLL] [E] epoll_wait failed: Interrupted system call
2024-02-26T20:19:38.182911 [IO-EPOLL] [E] epoll_wait failed: Interrupted system call
2024-02-26T20:19:38.188960 [RF      ] [I] Actual tx freq: 1015.625 MHz
2024-02-26T20:19:38.871529 [IO-EPOLL] [E] epoll_wait failed: Interrupted system call
2024-02-26T20:19:38.877413 [RF      ] [I] Actual rx freq: 1015.625 MHz
2024-02-26T20:19:39.302077 [IO-EPOLL] [E] epoll_wait failed: Interrupted system call
2024-02-26T20:19:39.